[debug] [2021-07-25T06:39:06.409Z] ----------------------------------------------------------------------
[debug] [2021-07-25T06:39:06.412Z] Command:       D:\nodejs\node.exe C:\Users\00gps\AppData\Roaming\npm\node_modules\firebase-tools\lib\bin\firebase.js init
[debug] [2021-07-25T06:39:06.412Z] CLI Version:   9.16.0
[debug] [2021-07-25T06:39:06.413Z] Platform:      win32
[debug] [2021-07-25T06:39:06.413Z] Node Version:  v14.17.3
[debug] [2021-07-25T06:39:06.414Z] Time:          Sun Jul 25 2021 12:09:06 GMT+0530 (India Standard Time)
[debug] [2021-07-25T06:39:06.414Z] ----------------------------------------------------------------------
[debug] 
[debug] [2021-07-25T06:39:06.424Z] > command requires scopes: ["email","openid","https://www.googleapis.com/auth/cloudplatformprojects.readonly","https://www.googleapis.com/auth/firebase","https://www.googleapis.com/auth/cloud-platform"]
[debug] [2021-07-25T06:39:06.424Z] > authorizing via signed-in user (chitraguptgamer@gmail.com)
[info] 
     ######## #### ########  ######## ########     ###     ######  ########
     ##        ##  ##     ## ##       ##     ##  ##   ##  ##       ##
     ######    ##  ########  ######   ########  #########  ######  ######
     ##        ##  ##    ##  ##       ##     ## ##     ##       ## ##
     ##       #### ##     ## ######## ########  ##     ##  ######  ########

You're about to initialize a Firebase project in this directory:

  D:\React-Project\blog\src

[info] 
=== Project Setup
[info] 
[info] First, let's associate this project directory with a Firebase project.
[info] You can create multiple project aliases by running firebase use --add, 
[info] but for now we'll just set up a default project.
[info] 
[debug] [2021-07-25T06:39:16.618Z] >>> [apiv2][query] GET https://firebase.googleapis.com/v1beta1/projects pageSize=100
[debug] [2021-07-25T06:39:17.218Z] <<< [apiv2][status] GET https://firebase.googleapis.com/v1beta1/projects 200
[debug] [2021-07-25T06:39:17.218Z] <<< [apiv2][body] GET https://firebase.googleapis.com/v1beta1/projects [omitted]
[info] i  Using project facebook-clone-d862a (Facebook Clone) 
[info] 
=== Hosting Setup
[info] 
[info] Your public directory is the folder (relative to your project directory) that
[info] will contain Hosting assets to be uploaded with firebase deploy. If you
[info] have a build process for your assets, use your build's output directory.
[info] 
[debug] [2021-07-25T06:40:35.485Z] >>> [apiv2][query] GET https://www.gstatic.com/firebasejs/releases.json [none]
[debug] [2021-07-25T06:40:35.831Z] <<< [apiv2][status] GET https://www.gstatic.com/firebasejs/releases.json 200
[debug] [2021-07-25T06:40:35.831Z] <<< [apiv2][body] GET https://www.gstatic.com/firebasejs/releases.json {"current":{"version":"8.8.0","browserURL":"https://www.gstatic.com/firebasejs/8.8.0/firebase.js","packageURL":"https://www.gstatic.com/firebasejs/8.8.0/firebase.tgz"},"live":{"version":"8.8","browserURL":"https://www.gstatic.com/firebasejs/live/8.8/firebase.js","packageURL":"https://www.gstatic.com/firebasejs/live/8.8/firebase.tgz"},"components":{"analytics":"https://www.gstatic.com/firebasejs/8.8.0/firebase-analytics.js","app":"https://www.gstatic.com/firebasejs/8.8.0/firebase-app.js","app-check":"https://www.gstatic.com/firebasejs/8.8.0/firebase-app-check.js","auth":"https://www.gstatic.com/firebasejs/8.8.0/firebase-auth.js","database":"https://www.gstatic.com/firebasejs/8.8.0/firebase-database.js","firestore":"https://www.gstatic.com/firebasejs/8.8.0/firebase-firestore.js","functions":"https://www.gstatic.com/firebasejs/8.8.0/firebase-functions.js","installations":"https://www.gstatic.com/firebasejs/8.8.0/firebase-installations.js","messaging":"https://www.gstatic.com/firebasejs/8.8.0/firebase-messaging.js","storage":"https://www.gstatic.com/firebasejs/8.8.0/firebase-storage.js","performance":"https://www.gstatic.com/firebasejs/8.8.0/firebase-performance.js","remote-config":"https://www.gstatic.com/firebasejs/8.8.0/firebase-remote-config.js","firestore.memory":"https://www.gstatic.com/firebasejs/8.8.0/firebase-firestore.memory.js"}}
[info] +  Wrote build/index.html 
[info] 
[info] i  Didn't detect a .git folder. Assuming D:\React-Project\blog\src is the project root. 
[info] i  Authorizing with GitHub to upload your service account to a GitHub repository's secrets store. 
[info] 
[info] Visit this URL on this device to log in:
[info] https://github.com/login/oauth/authorize?client_id=89cf50f02ac6aaed3484&state=934721385&redirect_uri=http%3A%2F%2Flocalhost%3A9005&scope=read%3Auser%20repo%20public_repo
[info] 
[info] Waiting for authentication...
[debug] [2021-07-25T06:40:59.851Z] >>> HTTP REQUEST POST https://github.com/login/oauth/access_token  
 {"client_id":"89cf50f02ac6aaed3484","client_secret":"3330d14abc895d9a74d5f17cd7a00711fa2c5bf0","code":"84cd67ce05dd305c689f","redirect_uri":"http://localhost:9005","state":"934721385"}
[debug] [2021-07-25T06:41:00.848Z] <<< HTTP RESPONSE 200 {"server":"GitHub.com","date":"Sun, 25 Jul 2021 06:41:00 GMT","content-type":"application/json; charset=utf-8","transfer-encoding":"chunked","vary":"X-PJAX, Accept-Encoding, Accept, X-Requested-With","permissions-policy":"interest-cohort=()","etag":"W/\"b794f6423f6ffb7275e68b50f3661598\"","cache-control":"max-age=0, private, must-revalidate","strict-transport-security":"max-age=31536000; includeSubdomains; preload","x-frame-options":"deny","x-content-type-options":"nosniff","x-xss-protection":"0","referrer-policy":"origin-when-cross-origin, strict-origin-when-cross-origin","expect-ct":"max-age=2592000, report-uri=\"https://api.github.com/_private/browser/errors\"","content-security-policy":"default-src 'none'; base-uri 'self'; block-all-mixed-content; connect-src 'self' uploads.github.com www.githubstatus.com collector.githubapp.com api.github.com github-cloud.s3.amazonaws.com github-production-repository-file-5c1aeb.s3.amazonaws.com github-production-upload-manifest-file-7fdce7.s3.amazonaws.com github-production-user-asset-6210df.s3.amazonaws.com cdn.optimizely.com logx.optimizely.com/v1/events translator.github.com wss://alive.github.com; font-src github.githubassets.com; form-action 'self' github.com gist.github.com; frame-ancestors 'none'; frame-src render.githubusercontent.com render-temp.githubusercontent.com viewscreen.githubusercontent.com; img-src 'self' data: github.githubassets.com identicons.github.com collector.githubapp.com github-cloud.s3.amazonaws.com secured-user-images.githubusercontent.com/ *.githubusercontent.com; manifest-src 'self'; media-src 'none'; script-src github.githubassets.com; style-src 'unsafe-inline' github.githubassets.com; worker-src github.com/socket-worker-3f088aa2.js gist.github.com/socket-worker-3f088aa2.js","x-github-request-id":"FE72:1286:1204BA:17C11F:60FD077C"}
[debug] [2021-07-25T06:41:00.856Z] >>> [apiv2][query] GET https://api.github.com/user [none]
[debug] [2021-07-25T06:41:01.467Z] <<< [apiv2][status] GET https://api.github.com/user 200
[debug] [2021-07-25T06:41:01.467Z] <<< [apiv2][body] GET https://api.github.com/user {"login":"Codergps","id":86283754,"node_id":"MDQ6VXNlcjg2MjgzNzU0","avatar_url":"https://avatars.githubusercontent.com/u/86283754?v=4","gravatar_id":"","url":"https://api.github.com/users/Codergps","html_url":"https://github.com/Codergps","followers_url":"https://api.github.com/users/Codergps/followers","following_url":"https://api.github.com/users/Codergps/following{/other_user}","gists_url":"https://api.github.com/users/Codergps/gists{/gist_id}","starred_url":"https://api.github.com/users/Codergps/starred{/owner}{/repo}","subscriptions_url":"https://api.github.com/users/Codergps/subscriptions","organizations_url":"https://api.github.com/users/Codergps/orgs","repos_url":"https://api.github.com/users/Codergps/repos","events_url":"https://api.github.com/users/Codergps/events{/privacy}","received_events_url":"https://api.github.com/users/Codergps/received_events","type":"User","site_admin":false,"name":null,"company":null,"blog":"","location":null,"email":null,"hireable":null,"bio":null,"twitter_username":null,"public_repos":2,"public_gists":0,"followers":0,"following":0,"created_at":"2021-06-22T06:08:33Z","updated_at":"2021-07-25T06:40:55Z","private_gists":0,"total_private_repos":1,"owned_private_repos":1,"disk_usage":10,"collaborators":0,"two_factor_authentication":false,"plan":{"name":"free","space":976562499,"collaborators":0,"private_repos":10000}}
[info] 
[info] +  Success! Logged into GitHub as Codergps 
[info] 
[debug] [2021-07-25T06:42:44.535Z] >>> [apiv2][query] GET https://api.github.com/repos/repository/actions/secrets/public-key type=owner
[debug] [2021-07-25T06:42:44.934Z] <<< [apiv2][status] GET https://api.github.com/repos/repository/actions/secrets/public-key 404
[debug] [2021-07-25T06:42:44.934Z] <<< [apiv2][body] GET https://api.github.com/repos/repository/actions/secrets/public-key {"message":"Not Found","documentation_url":"https://docs.github.com/rest"}
[debug] [2021-07-25T06:42:46.807Z] >>> [apiv2][query] GET https://api.github.com/repos//actions/secrets/public-key type=owner
[debug] [2021-07-25T06:42:47.189Z] <<< [apiv2][status] GET https://api.github.com/repos//actions/secrets/public-key 404
[debug] [2021-07-25T06:42:47.189Z] <<< [apiv2][body] GET https://api.github.com/repos//actions/secrets/public-key {"message":"Not Found","documentation_url":"https://docs.github.com/rest"}
[debug] [2021-07-25T06:42:48.175Z] >>> [apiv2][query] GET https://api.github.com/repos//actions/secrets/public-key type=owner
[debug] [2021-07-25T06:42:48.563Z] <<< [apiv2][status] GET https://api.github.com/repos//actions/secrets/public-key 404
[debug] [2021-07-25T06:42:48.564Z] <<< [apiv2][body] GET https://api.github.com/repos//actions/secrets/public-key {"message":"Not Found","documentation_url":"https://docs.github.com/rest"}
[debug] [2021-07-25T06:42:51.519Z] >>> [apiv2][query] GET https://api.github.com/repos/repository/actions/secrets/public-key type=owner
[debug] [2021-07-25T06:42:52.096Z] <<< [apiv2][status] GET https://api.github.com/repos/repository/actions/secrets/public-key 404
[debug] [2021-07-25T06:42:52.096Z] <<< [apiv2][body] GET https://api.github.com/repos/repository/actions/secrets/public-key {"message":"Not Found","documentation_url":"https://docs.github.com/rest"}
[debug] [2021-07-25T06:42:57.560Z] >>> [apiv2][query] GET https://api.github.com/repos/user/actions/secrets/public-key type=owner
[debug] [2021-07-25T06:42:57.999Z] <<< [apiv2][status] GET https://api.github.com/repos/user/actions/secrets/public-key 404
[debug] [2021-07-25T06:42:58.000Z] <<< [apiv2][body] GET https://api.github.com/repos/user/actions/secrets/public-key {"message":"Not Found","documentation_url":"https://docs.github.com/rest"}
[debug] [2021-07-25T06:43:04.391Z] >>> [apiv2][query] GET https://api.github.com/repos/:user/actions/secrets/public-key type=owner
[debug] [2021-07-25T06:43:04.981Z] <<< [apiv2][status] GET https://api.github.com/repos/:user/actions/secrets/public-key 404
[debug] [2021-07-25T06:43:04.982Z] <<< [apiv2][body] GET https://api.github.com/repos/:user/actions/secrets/public-key {"message":"Not Found","documentation_url":"https://docs.github.com/rest"}
[debug] [2021-07-25T06:44:38.392Z] >>> [apiv2][query] GET https://api.github.com/repos/User/actions/secrets/public-key type=owner
[debug] [2021-07-25T06:44:38.808Z] <<< [apiv2][status] GET https://api.github.com/repos/User/actions/secrets/public-key 404
[debug] [2021-07-25T06:44:38.809Z] <<< [apiv2][body] GET https://api.github.com/repos/User/actions/secrets/public-key {"message":"Not Found","documentation_url":"https://docs.github.com/rest"}
[debug] [2021-07-25T06:44:45.296Z] >>> [apiv2][query] GET https://api.github.com/repos/:User/actions/secrets/public-key type=owner
[debug] [2021-07-25T06:44:45.712Z] <<< [apiv2][status] GET https://api.github.com/repos/:User/actions/secrets/public-key 404
[debug] [2021-07-25T06:44:45.712Z] <<< [apiv2][body] GET https://api.github.com/repos/:User/actions/secrets/public-key {"message":"Not Found","documentation_url":"https://docs.github.com/rest"}
[debug] [2021-07-25T06:45:01.048Z] >>> [apiv2][query] GET https://api.github.com/repos/format:User/actions/secrets/public-key type=owner
[debug] [2021-07-25T06:45:01.495Z] <<< [apiv2][status] GET https://api.github.com/repos/format:User/actions/secrets/public-key 404
[debug] [2021-07-25T06:45:01.495Z] <<< [apiv2][body] GET https://api.github.com/repos/format:User/actions/secrets/public-key {"message":"Not Found","documentation_url":"https://docs.github.com/rest"}
[debug] [2021-07-25T06:45:04.040Z] >>> [apiv2][query] GET https://api.github.com/repos/n/actions/secrets/public-key type=owner
[debug] [2021-07-25T06:45:04.472Z] <<< [apiv2][status] GET https://api.github.com/repos/n/actions/secrets/public-key 404
[debug] [2021-07-25T06:45:04.472Z] <<< [apiv2][body] GET https://api.github.com/repos/n/actions/secrets/public-key {"message":"Not Found","documentation_url":"https://docs.github.com/rest"}
[debug] [2021-07-25T06:54:58.124Z] >>> [apiv2][query] GET https://api.github.com/repos/y/actions/secrets/public-key type=owner
[debug] [2021-07-25T06:54:58.640Z] <<< [apiv2][status] GET https://api.github.com/repos/y/actions/secrets/public-key 404
[debug] [2021-07-25T06:54:58.640Z] <<< [apiv2][body] GET https://api.github.com/repos/y/actions/secrets/public-key {"message":"Not Found","documentation_url":"https://docs.github.com/rest"}
